<?xml version="1.0" encoding="UTF-8"?>
<!-- Generated by org.testng.reporters.JUnitXMLReporter -->
<testsuite hostname="SISBLRLPT194" failures="0" tests="11" name="Test" time="0.118" errors="0" timestamp="16 Jun 2020 12:38:26 GMT">
  <testcase classname="Page_factory.surety" name="@BeforeClass initDriver" time="0.0">
    <failure type="org.testng.TestNGException" message="
Parameter &amp;apos;OS&amp;apos; is required by @Configuration on method initDriver but has not been marked @Optional or defined
in C:\Users\mukesh.l.SIGMAINFOBLR\eclipse-workspace - Copy\CSBA\testng.xml">
      <![CDATA[org.testng.TestNGException: 
Parameter 'OS' is required by @Configuration on method initDriver but has not been marked @Optional or defined
in C:\Users\mukesh.l.SIGMAINFOBLR\eclipse-workspace - Copy\CSBA\testng.xml
... Removed 21 stack frames]]>
    </failure>
  </testcase> <!-- @BeforeClass initDriver -->
  <testcase classname="Page_factory.surety" name="@AfterMethod getResult" time="0.0">
    <skipped/>
  </testcase> <!-- @AfterMethod getResult -->
  <testcase classname="Page_factory.surety" name="@AfterClass closeDriver" time="0.0">
    <skipped/>
  </testcase> <!-- @AfterClass closeDriver -->
  <testcase classname="Page_factory.customer" name="@BeforeClass initDriver" time="0.0">
    <skipped/>
  </testcase> <!-- @BeforeClass initDriver -->
  <testcase classname="Page_factory.customer" name="@AfterMethod getResult" time="0.0">
    <skipped/>
  </testcase> <!-- @AfterMethod getResult -->
  <testcase classname="Page_factory.customer" name="@AfterMethod getResult" time="0.0">
    <skipped/>
  </testcase> <!-- @AfterMethod getResult -->
  <testcase classname="Page_factory.customer" name="@AfterMethod getResult" time="0.0">
    <skipped/>
  </testcase> <!-- @AfterMethod getResult -->
  <testcase classname="Page_factory.customer" name="@AfterMethod getResult" time="0.0">
    <skipped/>
  </testcase> <!-- @AfterMethod getResult -->
  <testcase classname="Page_factory.customer" name="@AfterMethod getResult" time="0.0">
    <skipped/>
  </testcase> <!-- @AfterMethod getResult -->
  <testcase classname="Page_factory.customer" name="@AfterMethod getResult" time="0.0">
    <skipped/>
  </testcase> <!-- @AfterMethod getResult -->
  <testcase classname="Page_factory.customer" name="@AfterMethod getResult" time="0.0">
    <skipped/>
  </testcase> <!-- @AfterMethod getResult -->
  <testcase classname="Page_factory.customer" name="@AfterMethod getResult" time="0.0">
    <skipped/>
  </testcase> <!-- @AfterMethod getResult -->
  <testcase classname="Page_factory.customer" name="@AfterMethod getResult" time="0.0">
    <skipped/>
  </testcase> <!-- @AfterMethod getResult -->
  <testcase classname="Page_factory.customer" name="@AfterMethod getResult" time="0.0">
    <skipped/>
  </testcase> <!-- @AfterMethod getResult -->
  <testcase classname="Page_factory.customer" name="@AfterClass closeDriver" time="0.0">
    <skipped/>
  </testcase> <!-- @AfterClass closeDriver -->
  <testcase classname="Page_factory.surety" name="login" time="0.008">
    <skipped/>
  </testcase> <!-- login -->
  <testcase classname="Page_factory.customer" name="login" time="0.002">
    <skipped/>
  </testcase> <!-- login -->
  <testcase classname="Page_factory.customer" name="createcustomer_contactinfo" time="0.001">
    <skipped/>
  </testcase> <!-- createcustomer_contactinfo -->
  <testcase classname="Page_factory.customer" name="createcustomer_underwritinginfo" time="0.003">
    <skipped/>
  </testcase> <!-- createcustomer_underwritinginfo -->
  <testcase classname="Page_factory.customer" name="createcustomer_premiumquotes" time="0.005">
    <skipped/>
  </testcase> <!-- createcustomer_premiumquotes -->
  <testcase classname="Page_factory.customer" name="createcustomer_wip" time="0.002">
    <skipped/>
  </testcase> <!-- createcustomer_wip -->
  <testcase classname="Page_factory.customer" name="createcustomer_reports" time="0.002">
    <skipped/>
  </testcase> <!-- createcustomer_reports -->
  <testcase classname="Page_factory.customer" name="createcustomer_bondlog" time="0.001">
    <skipped/>
  </testcase> <!-- createcustomer_bondlog -->
  <testcase classname="Page_factory.customer" name="createcustomer_bidbondlog" time="0.002">
    <skipped/>
  </testcase> <!-- createcustomer_bidbondlog -->
  <testcase classname="Page_factory.customer" name="createcustomer_finanalysis" time="0.001">
    <skipped/>
  </testcase> <!-- createcustomer_finanalysis -->
  <testcase classname="Page_factory.customer" name="createcustomer_businesscontact" time="0.003">
    <skipped/>
  </testcase> <!-- createcustomer_businesscontact -->
</testsuite> <!-- Test -->
