<?xml version="1.0" encoding="UTF-8"?>
<!-- Generated by org.testng.reporters.JUnitReportReporter -->
<testsuite hostname="SISBLRLPT194" failures="1" tests="10" name="Page_factory.pagetest" time="92.193" errors="0" timestamp="16 Jun 2020 05:16:33 GMT">
  <testcase classname="Page_factory.pagetest" name="createcustomer_wip" time="4.861">
    <failure message="expected [Client Premium Statement
] but found [Client Premium Statement]" type="java.lang.AssertionError">
      <![CDATA[java.lang.AssertionError: expected [Client Premium Statement
] but found [Client Premium Statement]
	at org.testng.Assert.fail(Assert.java:94)
	at org.testng.Assert.failNotEquals(Assert.java:496)
	at org.testng.Assert.assertEquals(Assert.java:125)
	at org.testng.Assert.assertEquals(Assert.java:178)
	at org.testng.Assert.assertEquals(Assert.java:188)
	at Method_library.method_declarations.assertCheck(method_declarations.java:38)
	at Page_factory.pagetest.createcustomer_wip(pagetest.java:180)
	at java.base/jdk.internal.reflect.NativeMethodAccessorImpl.invoke0(Native Method)
	at java.base/jdk.internal.reflect.NativeMethodAccessorImpl.invoke(NativeMethodAccessorImpl.java:62)
	at java.base/jdk.internal.reflect.DelegatingMethodAccessorImpl.invoke(DelegatingMethodAccessorImpl.java:43)
	at java.base/java.lang.reflect.Method.invoke(Method.java:566)
	at org.testng.internal.MethodInvocationHelper.invokeMethod(MethodInvocationHelper.java:85)
	at org.testng.internal.Invoker.invokeMethod(Invoker.java:659)
	at org.testng.internal.Invoker.invokeTestMethod(Invoker.java:845)
	at org.testng.internal.Invoker.invokeTestMethods(Invoker.java:1153)
	at org.testng.internal.TestMethodWorker.invokeTestMethods(TestMethodWorker.java:125)
	at org.testng.internal.TestMethodWorker.run(TestMethodWorker.java:108)
	at org.testng.TestRunner.privateRun(TestRunner.java:771)
	at org.testng.TestRunner.run(TestRunner.java:621)
	at org.testng.SuiteRunner.runTest(SuiteRunner.java:357)
	at org.testng.SuiteRunner.runSequentially(SuiteRunner.java:352)
	at org.testng.SuiteRunner.privateRun(SuiteRunner.java:310)
	at org.testng.SuiteRunner.run(SuiteRunner.java:259)
	at org.testng.SuiteRunnerWorker.runSuite(SuiteRunnerWorker.java:52)
	at org.testng.SuiteRunnerWorker.run(SuiteRunnerWorker.java:86)
	at org.testng.TestNG.runSuitesSequentially(TestNG.java:1199)
	at org.testng.TestNG.runSuitesLocally(TestNG.java:1124)
	at org.testng.TestNG.run(TestNG.java:1032)
	at org.testng.remote.AbstractRemoteTestNG.run(AbstractRemoteTestNG.java:115)
	at org.testng.remote.RemoteTestNG.initAndRun(RemoteTestNG.java:251)
	at org.testng.remote.RemoteTestNG.main(RemoteTestNG.java:77)
]]>
    </failure>
  </testcase> <!-- createcustomer_wip -->
  <testcase classname="Page_factory.pagetest" name="login" time="7.444"/>
  <testcase classname="Page_factory.pagetest" name="createcustomer_finanalysis" time="4.038"/>
  <testcase classname="Page_factory.pagetest" name="createcustomer_bondlog" time="3.723"/>
  <testcase classname="Page_factory.pagetest" name="createcustomer_bidbondlog" time="4.303"/>
  <testcase classname="Page_factory.pagetest" name="createcustomer_premiumquotes" time="5.237"/>
  <testcase classname="Page_factory.pagetest" name="createcustomer_underwritinginfo" time="18.344"/>
  <testcase classname="Page_factory.pagetest" name="createcustomer_reports" time="3.654"/>
  <testcase classname="Page_factory.pagetest" name="createcustomer_contactinfo" time="36.053"/>
  <testcase classname="Page_factory.pagetest" name="createcustomer_businesscontact" time="4.536"/>
</testsuite> <!-- Page_factory.pagetest -->
